<?xml version="1.0" encoding="UTF-8"?>
<!-- Generated by org.testng.reporters.JUnitReportReporter -->
<testsuite hostname="Sivam" failures="0" tests="3" name="execuation.BrowserTest" time="4.490" errors="0" timestamp="2024-09-19T20:10:29 IST" skipped="0">
  <testcase classname="execuation.BrowserTest" name="flipkart" time="1.774"/>
  <testcase classname="execuation.BrowserTest" name="amazone" time="1.780"/>
  <testcase classname="execuation.BrowserTest" name="snapDeal" time="0.936"/>
</testsuite> <!-- execuation.BrowserTest -->
