<?xml version="1.0" encoding="UTF-8"?>
<!-- Generated by org.testng.reporters.JUnitReportReporter -->
<testsuite hostname="Sivam" failures="0" tests="3" name="execuation.BrowserTest" time="3.503" errors="0" timestamp="2024-09-20T13:27:17 IST" skipped="0">
  <testcase classname="execuation.BrowserTest" name="amazone" time="1.258"/>
  <testcase classname="execuation.BrowserTest" name="flipkart" time="1.407"/>
  <testcase classname="execuation.BrowserTest" name="snapDeal" time="0.838"/>
</testsuite> <!-- execuation.BrowserTest -->
